 LINE  | ADDRESS  | HEX DUMP                  | ASSEMBLY
-------|----------|---------------------------|----------------------------
     1 |          |                           |         CPU     8086
     2 |          |                           |         ORG     0h
     3 |          |                           | InterruptVectorTable:
     4 |          |                           |         ; Internal x86 Interrupts:
     5 | 00000000 | 00000000                  |         dd      0 ; Reserved (Div err)  ; Int 00h
     6 | 00000004 | 00000000                  |         dd      0 ; Reserved (Step)     ; Int 01h
     7 | 00000008 | 00000000                  |         dd      0 ; Reserved (NMI)      ; Int 02h
     8 | 0000000C | 00000000                  |         dd      0 ; Reserved (Break)    ; Int 03h
     9 | 00000010 | 00000000                  |         dd      0 ; Reserved (Overflow) ; Int 04h
    10 | 00000014 | 00000000                  |         dd      0                       ; Int 05h
    11 | 00000018 | 00000000                  |         dd      0                       ; Int 06h
    12 | 0000001C | 00000000                  |         dd      0                       ; Int 07h
    13 |          |                           |         ; Hardware Interrupts:
    14 | 00000020 | 00000000                  |         dd      0 ; Reset               ; Int 08h (IRQ 0)
    15 | 00000024 | 00000000                  |         dd      0 ; Tick                ; Int 09h (IRQ 1)
    16 | 00000028 | 00000000                  |         dd      0 ; Keyboard            ; Int 0Ah (IRQ 2)
    17 | 0000002C | 00000000                  |         dd      0 ; Simptris Game Over  ; Int 0Bh (IRQ 3)
    18 | 00000030 | 00000000                  |         dd      0 ; Simptris New Piece  ; Int 0Ch (IRQ 4)
    19 | 00000034 | 00000000                  |         dd      0 ; Simptris Received   ; Int 0Dh (IRQ 5)
    20 | 00000038 | 00000000                  |         dd      0 ; Simptris Touchdown  ; Int 0Eh (IRQ 6)
    21 | 0000003C | 00000000                  |         dd      0 ; Simptris Clear      ; Int 0Fh (IRQ 7)
    22 |          |                           |         ; Software Interrupts:
    23 | 00000040 | 00000000                  |         dd      0 ; Reserved (PC BIOS)  ; Int 10h
    24 | 00000044 | 00000000                  |         dd      0                       ; Int 11h
    25 | 00000048 | 00000000                  |         dd      0                       ; Int 12h
    26 | 0000004C | 00000000                  |         dd      0                       ; Int 13h
    27 | 00000050 | 00000000                  |         dd      0                       ; Int 14h
    28 | 00000054 | 00000000                  |         dd      0                       ; Int 15h
    29 | 00000058 | 00000000                  |         dd      0                       ; Int 16h
    30 | 0000005C | 00000000                  |         dd      0                       ; Int 17h
    31 | 00000060 | 00000000                  |         dd      0                       ; Int 18h
    32 | 00000064 | 00000000                  |         dd      0                       ; Int 19h
    33 | 00000068 | 00000000                  |         dd      0                       ; Int 1Ah
    34 | 0000006C | 00000000                  |         dd      0                       ; Int 1Bh
    35 | 00000070 | 00000000                  |         dd      0                       ; Int 1Ch
    36 | 00000074 | 00000000                  |         dd      0                       ; Int 1Dh
    37 | 00000078 | 00000000                  |         dd      0                       ; Int 1Eh
    38 | 0000007C | 00000000                  |         dd      0                       ; Int 1Fh
    39 | 00000080 | 00000000                  |         dd      0                       ; Int 20h
    40 | 00000084 | 00000000                  |         dd      0 ; Reserved (DOS)      ; Int 21h
    41 | 00000088 | 00000000                  |         dd      0 ; Simptris Services   ; Int 22h
    42 | 0000008C | 00000000                  |         dd      0                       ; Int 23h
    43 | 00000090 | 00000000                  |         dd      0                       ; Int 24h
    44 | 00000094 | 00000000                  |         dd      0                       ; Int 25h
    45 | 00000098 | 00000000                  |         dd      0                       ; Int 26h
    46 | 0000009C | 00000000                  |         dd      0                       ; Int 27h
    47 | 000000A0 | 00000000                  |         dd      0                       ; Int 28h
    48 | 000000A4 | 00000000                  |         dd      0                       ; Int 29h
    49 | 000000A8 | 00000000                  |         dd      0                       ; Int 2Ah
    50 | 000000AC | 00000000                  |         dd      0                       ; Int 2Bh
    51 | 000000B0 | 00000000                  |         dd      0                       ; Int 2Ch
    52 | 000000B4 | 00000000                  |         dd      0                       ; Int 2Dh
    53 | 000000B8 | 00000000                  |         dd      0                       ; Int 2Eh
    54 | 000000BC | 00000000                  |         dd      0                       ; Int 2Fh
    55 |          |                           | KeyBuffer:                              ; Address 0xC0
    56 | 000000C0 | 0000                      |         dw      0
    57 |          |                           | NewPieceType:                           ; Address 0xC2
    58 | 000000C2 | 0000                      |         dw      0
    59 |          |                           | NewPieceID:                             ; Address 0xC4
    60 | 000000C4 | 0000                      |         dw      0
    61 |          |                           | NewPieceOrientation:                    ; Address 0xC6
    62 | 000000C6 | 0000                      |         dw      0
    63 |          |                           | NewPieceColumn:                         ; Address 0xC8
    64 | 000000C8 | 0000                      |         dw      0
    65 |          |                           | TouchdownID:                            ; Address 0xCA
    66 | 000000CA | 0000                      | 	dw	0
    67 |          |                           | ScreenBitMap0:                          ; Address 0xCC
    68 | 000000CC | 0000                      |         dw      0
    69 |          |                           | ScreenBitMap1:
    70 | 000000CE | 0000                      |         dw      0
    71 |          |                           | ScreenBitMap2:
    72 | 000000D0 | 0000                      |         dw      0
    73 |          |                           | ScreenBitMap3:
    74 | 000000D2 | 0000                      |         dw      0
    75 |          |                           | ScreenBitMap4:
    76 | 000000D4 | 0000                      |         dw      0
    77 |          |                           | ScreenBitMap5:
    78 | 000000D6 | 0000                      |         dw      0
    79 | 000000D8 | 00<rept>                  | TIMES   100h-($-$$) db  0               ; Fill up to (but not including) address 100h with 0
    80 | 00000100 | E95908                    | 	jmp	main
    81 |          |                           | ; This file contains support routines for 32-bit on the 8086.
    82 |          |                           | ; It is intended for use code generated by the C86 compiler.
    83 |          |                           | ;;;;;;;;;;;;;;;;;;;;;;;;;;;;;;;;;;;;;;;;;;;;;;;;;;;;;;;;;;;;;;;;;;;;;
    84 |          |                           | SR_asldiv:			; l1 /= l2
    85 | 00000103 | 55                        | 	push	bp
    86 | 00000104 | 89E5                      | 	mov	bp,sp
    87 | 00000106 | 53                        | 	push	bx
    88 | 00000107 | 8B5E04                    | 	mov	bx,[bp+4]	; Get address of l1	(was push3)
    89 | 0000010A | FF7608                    | 	push	word [bp+8]	; Push hi l2		(was push1)
    90 | 0000010D | FF7606                    | 	push	word [bp+6]	; Push lo l2		(was push2)
    91 | 00000110 | FF7702                    | 	push	word [bx+2]	; Push hi l1
    92 | 00000113 | FF37                      | 	push	word [bx]	; Push lo l1
    93 | 00000115 | E83D01                    | 	call	SR_ldiv
    94 | 00000118 | 8B5E04                    | 	mov	bx,[bp+4]	; Restore l1 address
    95 | 0000011B | 895702                    | 	mov	[bx+2],dx	; Store result
    96 | 0000011E | 8907                      | 	mov	[bx],ax
    97 | 00000120 | 5B                        | 	pop	bx
    98 | 00000121 | 5D                        | 	pop	bp
    99 | 00000122 | C3                        | 	ret
   100 |          |                           | SR_aslmod:			; l1 %= l2
   101 | 00000123 | 55                        | 	push	bp
   102 | 00000124 | 89E5                      | 	mov	bp,sp
   103 | 00000126 | 53                        | 	push	bx
   104 | 00000127 | 8B5E04                    | 	mov	bx,[bp+4]	; Get address of l1	(was push3)
   105 | 0000012A | FF7608                    | 	push	word [bp+8]	; Push hi l2		(was push1)
   106 | 0000012D | FF7606                    | 	push	word [bp+6]	; Push lo l2		(was push2)
   107 | 00000130 | FF7702                    | 	push	word [bx+2]	; Push hi l1
   108 | 00000133 | FF37                      | 	push	word [bx]	; Push lo l1
   109 | 00000135 | E82C01                    | 	call	SR_lmod
   110 | 00000138 | 8B5E04                    | 	mov	bx,[bp+4]	; Restore l1 address
   111 | 0000013B | 895702                    | 	mov	[bx+2],dx	; Store result
   112 | 0000013E | 8907                      | 	mov	[bx],ax
   113 | 00000140 | 5B                        | 	pop	bx
   114 | 00000141 | 5D                        | 	pop	bp
   115 | 00000142 | C3                        | 	ret
   116 |          |                           | SR_aslmul:			; l1 *= l2
   117 | 00000143 | 55                        | 	push	bp
   118 | 00000144 | 89E5                      | 	mov	bp,sp
   119 | 00000146 | 53                        | 	push	bx
   120 | 00000147 | 8B5E04                    | 	mov	bx,[bp+4]	; Get address of l1	(was push3)
   121 | 0000014A | FF7608                    | 	push	word [bp+8]	; Push hi l2		(was push1)
   122 | 0000014D | FF7606                    | 	push	word [bp+6]	; Push lo l2		(was push2)
   123 | 00000150 | FF7702                    | 	push	word [bx+2]	; Push hi l1
   124 | 00000153 | FF37                      | 	push	word [bx]	; Push lo l1
   125 | 00000155 | E84002                    | 	call	SR_lmul
   126 | 00000158 | 83C408                    | 	add	sp,8
   127 | 0000015B | 8B5E04                    | 	mov	bx,[bp+4]	; Restore l1 address
   128 | 0000015E | 895702                    | 	mov	[bx+2],dx	; Store result
   129 | 00000161 | 8907                      | 	mov	[bx],ax
   130 | 00000163 | 5B                        | 	pop	bx
   131 | 00000164 | 5D                        | 	pop	bp
   132 | 00000165 | C3                        | 	ret
   133 |          |                           | SR_aslshl:			; l1 <<= l2
   134 | 00000166 | 55                        | 	push	bp
   135 | 00000167 | 89E5                      | 	mov	bp,sp
   136 | 00000169 | 53                        | 	push	bx
   137 | 0000016A | 8B5E04                    | 	mov	bx,[bp+4]	; Get address of l1	(was push3)
   138 | 0000016D | FF7608                    | 	push	word [bp+8]	; Push hi l2		(was push1)
   139 | 00000170 | FF7606                    | 	push	word [bp+6]	; Push lo l2		(was push2)
   140 | 00000173 | FF7702                    | 	push	word [bx+2]	; Push hi l1
   141 | 00000176 | FF37                      | 	push	word [bx]	; Push lo l1
   142 | 00000178 | E88801                    | 	call	SR_lshl
   143 | 0000017B | 83C408                    | 	add	sp,8
   144 | 0000017E | 8B5E04                    | 	mov	bx,[bp+4]	; Restore l1 address
   145 | 00000181 | 895702                    | 	mov	[bx+2],dx	; Store result
   146 | 00000184 | 8907                      | 	mov	[bx],ax
   147 | 00000186 | 5B                        | 	pop	bx
   148 | 00000187 | 5D                        | 	pop	bp
   149 | 00000188 | C3                        | 	ret
   150 |          |                           | SR_aslshr:			; l1 >>= l2
   151 | 00000189 | 55                        | 	push	bp
   152 | 0000018A | 89E5                      | 	mov	bp,sp
   153 | 0000018C | 53                        | 	push	bx
   154 | 0000018D | 8B5E04                    | 	mov	bx,[bp+4]	; Get address of l1	(was push3)
   155 | 00000190 | FF7608                    | 	push	word [bp+8]	; Push hi l2		(was push1)
   156 | 00000193 | FF7606                    | 	push	word [bp+6]	; Push lo l2		(was push2)
   157 | 00000196 | FF7702                    | 	push	word [bx+2]	; Push hi l1
   158 | 00000199 | FF37                      | 	push	word [bx]	; Push lo l1
   159 | 0000019B | E89701                    | 	call	SR_lshr
   160 | 0000019E | 83C408                    | 	add	sp,8
   161 | 000001A1 | 8B5E04                    | 	mov	bx,[bp+4]	; Restore l1 address
   162 | 000001A4 | 895702                    | 	mov	[bx+2],dx	; Store result
   163 | 000001A7 | 8907                      | 	mov	[bx],ax
   164 | 000001A9 | 5B                        | 	pop	bx
   165 | 000001AA | 5D                        | 	pop	bp
   166 | 000001AB | C3                        | 	ret
   167 |          |                           | 
   168 |          |                           | 
   169 |          |                           | SR_asuldiv:			; u1 /= u2
   170 | 000001AC | 55                        | 	push	bp
   171 | 000001AD | 89E5                      | 	mov	bp,sp
   172 | 000001AF | 53                        | 	push	bx
   173 | 000001B0 | 8B5E04                    | 	mov	bx,[bp+4]	; Get address of u1	(was push3)
   174 | 000001B3 | FF7608                    | 	push	word [bp+8]	; Push hi u2		(was push1)
   175 | 000001B6 | FF7606                    | 	push	word [bp+6]	; Push lo u2		(was push2)
   176 | 000001B9 | FF7702                    | 	push	word [bx+2]	; Push hi u1
   177 | 000001BC | FF37                      | 	push	word [bx]	; Push lo u1
   178 | 000001BE | E89B00                    | 	call	SR_uldiv
   179 | 000001C1 | 8B5E04                    | 	mov	bx,[bp+4]	; Restore u1 address
   180 | 000001C4 | 895702                    | 	mov	[bx+2],dx	; Store result
   181 | 000001C7 | 8907                      | 	mov	[bx],ax
   182 | 000001C9 | 5B                        | 	pop	bx
   183 | 000001CA | 5D                        | 	pop	bp
   184 | 000001CB | C3                        | 	ret
   185 |          |                           | SR_asilmod:			; u1 %= u2
   186 | 000001CC | 55                        | 	push	bp
   187 | 000001CD | 89E5                      | 	mov	bp,sp
   188 | 000001CF | 53                        | 	push	bx
   189 | 000001D0 | 8B5E04                    | 	mov	bx,[bp+4]	; Get address of u1	(was push3)
   190 | 000001D3 | FF7608                    | 	push	word [bp+8]	; Push hi u2		(was push1)
   191 | 000001D6 | FF7606                    | 	push	word [bp+6]	; Push lo u2		(was push2)
   192 | 000001D9 | FF7702                    | 	push	word [bx+2]	; Push hi u1
   193 | 000001DC | FF37                      | 	push	word [bx]	; Push lo u1
   194 | 000001DE | E88B00                    | 	call	SR_ilmod
   195 | 000001E1 | 8B5E04                    | 	mov	bx,[bp+4]	; Restore u1 address
   196 | 000001E4 | 895702                    | 	mov	[bx+2],dx	; Store result
   197 | 000001E7 | 8907                      | 	mov	[bx],ax
   198 | 000001E9 | 5B                        | 	pop	bx
   199 | 000001EA | 5D                        | 	pop	bp
   200 | 000001EB | C3                        | 	ret
   201 |          |                           | SR_asulmul:			; u1 *= u2
   202 | 000001EC | 55                        | 	push	bp
   203 | 000001ED | 89E5                      | 	mov	bp,sp
   204 | 000001EF | 53                        | 	push	bx
   205 | 000001F0 | 8B5E04                    | 	mov	bx,[bp+4]	; Get address of u1	(was push3)
   206 | 000001F3 | FF7608                    | 	push	word [bp+8]	; Push hi u2		(was push1)
   207 | 000001F6 | FF7606                    | 	push	word [bp+6]	; Push lo u2		(was push2)
   208 | 000001F9 | FF7702                    | 	push	word [bx+2]	; Push hi u1
   209 | 000001FC | FF37                      | 	push	word [bx]	; Push lo u1
   210 | 000001FE | E89701                    | 	call	SR_ulmul
   211 | 00000201 | 83C408                    | 	add	sp,8
   212 | 00000204 | 8B5E04                    | 	mov	bx,[bp+4]	; Restore u1 address
   213 | 00000207 | 895702                    | 	mov	[bx+2],dx	; Store result
   214 | 0000020A | 8907                      | 	mov	[bx],ax
   215 | 0000020C | 5B                        | 	pop	bx
   216 | 0000020D | 5D                        | 	pop	bp
   217 | 0000020E | C3                        | 	ret
   218 |          |                           | SR_asulshl:			; u1 << u2
   219 | 0000020F | 55                        | 	push	bp
   220 | 00000210 | 89E5                      | 	mov	bp,sp
   221 | 00000212 | 53                        | 	push	bx
   222 | 00000213 | 8B5E04                    | 	mov	bx,[bp+4]	; Get address of u1	(was push3)
   223 | 00000216 | FF7608                    | 	push	word [bp+8]	; Push hi u2		(was push1)
   224 | 00000219 | FF7606                    | 	push	word [bp+6]	; Push lo u2		(was push2)
   225 | 0000021C | FF7702                    | 	push	word [bx+2]	; Push hi u1
   226 | 0000021F | FF37                      | 	push	word [bx]	; Push lo u1
   227 | 00000221 | E8DF00                    | 	call	SR_ulshl
   228 | 00000224 | 83C408                    | 	add	sp,8
   229 | 00000227 | 8B5E04                    | 	mov	bx,[bp+4]	; Restore u1 address
   230 | 0000022A | 895702                    | 	mov	[bx+2],dx	; Store result
   231 | 0000022D | 8907                      | 	mov	[bx],ax
   232 | 0000022F | 5B                        | 	pop	bx
   233 | 00000230 | 5D                        | 	pop	bp
   234 | 00000231 | C3                        | 	ret
   235 |          |                           | SR_asulshr:			; u1 >> u2
   236 | 00000232 | 55                        | 	push	bp
   237 | 00000233 | 89E5                      | 	mov	bp,sp
   238 | 00000235 | 53                        | 	push	bx
   239 | 00000236 | 8B5E04                    | 	mov	bx,[bp+4]	; Get address of u1	(was push3)
   240 | 00000239 | FF7608                    | 	push	word [bp+8]	; Push hi u2		(was push1)
   241 | 0000023C | FF7606                    | 	push	word [bp+6]	; Push lo u2		(was push2)
   242 | 0000023F | FF7702                    | 	push	word [bx+2]	; Push hi u1
   243 | 00000242 | FF37                      | 	push	word [bx]	; Push lo u1
   244 | 00000244 | E81F01                    | 	call	SR_ulshr
   245 | 00000247 | 83C408                    | 	add	sp,8
   246 | 0000024A | 8B5E04                    | 	mov	bx,[bp+4]	; Restore u1 address
   247 | 0000024D | 895702                    | 	mov	[bx+2],dx	; Store result
   248 | 00000250 | 8907                      | 	mov	[bx],ax
   249 | 00000252 | 5B                        | 	pop	bx
   250 | 00000253 | 5D                        | 	pop	bp
   251 | 00000254 | C3                        | 	ret
   252 |          |                           | 
   253 |          |                           | 
   254 |          |                           | ; Main 32-bit routines begin here:
   255 |          |                           | 
   256 |          |                           | SR_ldiv:	; N_LDIV@
   257 | 00000255 | 59                        | 	pop    cx
   258 | 00000256 | 0E                        | 	push   cs
   259 | 00000257 | 51                        | 	push   cx
   260 |          |                           | 	; LDIV@
   261 | 00000258 | 31C9                      | 	xor    cx,cx
   262 | 0000025A | EB16                      | 	jmp    LSR_01
   263 |          |                           | SR_uldiv:	; N_LUDIV@
   264 | 0000025C | 59                        | 	pop    cx
   265 | 0000025D | 0E                        | 	push   cs
   266 | 0000025E | 51                        | 	push   cx
   267 |          |                           | 	; F_LUDIV@
   268 | 0000025F | B90100                    | 	mov    cx,0001
   269 | 00000262 | EB0E                      | 	jmp    LSR_01
   270 |          |                           | SR_lmod:	; N_LMOD@
   271 | 00000264 | 59                        | 	pop    cx
   272 | 00000265 | 0E                        | 	push   cs
   273 | 00000266 | 51                        | 	push   cx
   274 |          |                           | 	; F_LMOD@
   275 | 00000267 | B90200                    | 	mov    cx,0002
   276 | 0000026A | EB06                      | 	jmp    LSR_01
   277 |          |                           | SR_ilmod:	; N_LUMOD@
   278 | 0000026C | 59                        | 	pop    cx
   279 | 0000026D | 0E                        | 	push   cs
   280 | 0000026E | 51                        | 	push   cx
   281 |          |                           | 	; LUMOD@
   282 | 0000026F | B90300                    | 	mov    cx,0003
   283 |          |                           | LSR_01:
   284 | 00000272 | 55                        | 	push   bp
   285 | 00000273 | 56                        | 	push   si
   286 | 00000274 | 57                        | 	push   di
   287 | 00000275 | 89E5                      | 	mov    bp,sp
   288 | 00000277 | 89CF                      | 	mov    di,cx
   289 | 00000279 | 8B460A                    | 	mov    ax,[bp+0Ah]
   290 | 0000027C | 8B560C                    | 	mov    dx,[bp+0Ch]
   291 | 0000027F | 8B5E0E                    | 	mov    bx,[bp+0Eh]
   292 | 00000282 | 8B4E10                    | 	mov    cx,[bp+10h]
   293 | 00000285 | 09C9                      | 	or     cx,cx
   294 | 00000287 | 7508                      | 	jne    LSR_02
   295 | 00000289 | 09D2                      | 	or     dx,dx
   296 | 0000028B | 7469                      | 	je     LSR_10
   297 | 0000028D | 09DB                      | 	or     bx,bx
   298 | 0000028F | 7465                      | 	je     LSR_10
   299 |          |                           | LSR_02:
   300 | 00000291 | F7C70100                  | 	test   di,0001
   301 | 00000295 | 751C                      | 	jne    LSR_04
   302 | 00000297 | 09D2                      | 	or     dx,dx
   303 | 00000299 | 790A                      | 	jns    LSR_03
   304 | 0000029B | F7DA                      | 	neg    dx
   305 | 0000029D | F7D8                      | 	neg    ax
   306 | 0000029F | 83DA00                    | 	sbb    dx,0000
   307 | 000002A2 | 83CF0C                    | 	or     di,000Ch
   308 |          |                           | LSR_03:
   309 | 000002A5 | 09C9                      | 	or     cx,cx
   310 | 000002A7 | 790A                      | 	jns    LSR_04
   311 | 000002A9 | F7D9                      | 	neg    cx
   312 | 000002AB | F7DB                      | 	neg    bx
   313 | 000002AD | 83D900                    | 	sbb    cx,0000
   314 | 000002B0 | 83F704                    | 	xor    di,0004
   315 |          |                           | LSR_04:
   316 | 000002B3 | 89CD                      | 	mov    bp,cx
   317 | 000002B5 | B92000                    | 	mov    cx,0020h
   318 | 000002B8 | 57                        | 	push   di
   319 | 000002B9 | 31FF                      | 	xor    di,di
   320 | 000002BB | 31F6                      | 	xor    si,si
   321 |          |                           | LSR_05:
   322 | 000002BD | D1E0                      | 	shl    ax,1
   323 | 000002BF | D1D2                      | 	rcl    dx,1
   324 | 000002C1 | D1D6                      | 	rcl    si,1
   325 | 000002C3 | D1D7                      | 	rcl    di,1
   326 | 000002C5 | 39EF                      | 	cmp    di,bp
   327 | 000002C7 | 720B                      | 	jb     LSR_07
   328 | 000002C9 | 7704                      | 	ja     LSR_06
   329 | 000002CB | 39DE                      | 	cmp    si,bx
   330 | 000002CD | 7205                      | 	jb     LSR_07
   331 |          |                           | LSR_06:
   332 | 000002CF | 29DE                      | 	sub    si,bx
   333 | 000002D1 | 19EF                      | 	sbb    di,bp
   334 | 000002D3 | 40                        | 	inc    ax
   335 |          |                           | LSR_07:
   336 | 000002D4 | E2E7                      | 	loop   LSR_05
   337 | 000002D6 | 5B                        | 	pop    bx
   338 | 000002D7 | F7C30200                  | 	test   bx,0002
   339 | 000002DB | 7406                      | 	je     LSR_08
   340 | 000002DD | 89F0                      | 	mov    ax,si
   341 | 000002DF | 89FA                      | 	mov    dx,di
   342 | 000002E1 | D1EB                      | 	shr    bx,1
   343 |          |                           | LSR_08:
   344 | 000002E3 | F7C30400                  | 	test   bx,0004h
   345 | 000002E7 | 7407                      | 	je     LSR_09
   346 | 000002E9 | F7DA                      | 	neg    dx
   347 | 000002EB | F7D8                      | 	neg    ax
   348 | 000002ED | 83DA00                    | 	sbb    dx,0000
   349 |          |                           | LSR_09:
   350 | 000002F0 | 5F                        | 	pop    di
   351 | 000002F1 | 5E                        | 	pop    si
   352 | 000002F2 | 5D                        | 	pop    bp
   353 | 000002F3 | CA0800                    | 	retf   0008
   354 |          |                           | LSR_10:
   355 | 000002F6 | F7F3                      | 	div    bx
   356 | 000002F8 | F7C70200                  | 	test   di,0002
   357 | 000002FC | 7401                      | 	je     LSR_11
   358 | 000002FE | 92                        | 	xchg   dx,ax
   359 |          |                           | LSR_11:
   360 | 000002FF | 31D2                      | 	xor    dx,dx
   361 | 00000301 | EBED                      | 	jmp    LSR_09
   362 |          |                           | SR_lshl:	; N_LXLSH@
   363 |          |                           | SR_ulshl:
   364 |          |                           | 	; r = a << b
   365 | 00000303 | 5B                        | 	pop    bx
   366 | 00000304 | 0E                        | 	push   cs
   367 | 00000305 | 53                        | 	push   bx
   368 |          |                           | 
   369 | 00000306 | 55                        | 	push   bp
   370 | 00000307 | 89E5                      | 	mov    bp,sp
   371 |          |                           | 
   372 | 00000309 | 51                        | 	push   cx	; C86 doesn't expect use of cx or bx
   373 |          |                           | 
   374 | 0000030A | 8B4606                    | 	mov    ax, [bp+6]	; pop loword(a)
   375 | 0000030D | 8B5608                    | 	mov    dx, [bp+8]	; pop hiword(a)
   376 | 00000310 | 8B4E0A                    | 	mov    cx, [bp+10]	; pop word(b)
   377 |          |                           | 	
   378 |          |                           | 	; LXLSH@
   379 | 00000313 | 80F910                    | 	cmp    cl,10h
   380 | 00000316 | 7312                      | 	jnb    LSR_12
   381 | 00000318 | 89C3                      | 	mov    bx,ax
   382 | 0000031A | D3E0                      | 	shl    ax,cl
   383 | 0000031C | D3E2                      | 	shl    dx,cl
   384 | 0000031E | F6D9                      | 	neg    cl
   385 | 00000320 | 80C110                    | 	add    cl,10h
   386 | 00000323 | D3EB                      | 	shr    bx,cl
   387 | 00000325 | 09DA                      | 	or     dx,bx
   388 | 00000327 | 59                        | 	pop    cx
   389 | 00000328 | 5D                        | 	pop    bp
   390 | 00000329 | CB                        | 	retf
   391 |          |                           | LSR_12:
   392 | 0000032A | 80E910                    | 	sub    cl,10h
   393 | 0000032D | 92                        | 	xchg   dx,ax
   394 | 0000032E | 31C0                      | 	xor    ax,ax
   395 | 00000330 | D3E2                      | 	shl    dx,cl
   396 | 00000332 | 59                        | 	pop    cx
   397 | 00000333 | 5D                        | 	pop    bp
   398 | 00000334 | CB                        | 	retf
   399 |          |                           | SR_lshr:	; N_LXRSH@
   400 |          |                           | 	; r = a >> b
   401 | 00000335 | 5B                        | 	pop    bx
   402 | 00000336 | 0E                        | 	push   cs
   403 | 00000337 | 53                        | 	push   bx
   404 |          |                           | 
   405 | 00000338 | 55                        | 	push   bp
   406 | 00000339 | 89E5                      | 	mov    bp,sp
   407 |          |                           | 
   408 | 0000033B | 51                        | 	push   cx	; C86 doesn't expect use of cx or bx
   409 |          |                           | 
   410 | 0000033C | 8B4606                    |         mov    ax, [bp+6]	; pop loword(a)
   411 | 0000033F | 8B5608                    | 	mov    dx, [bp+8]	; pop hiword(a)
   412 | 00000342 | 8B4E0A                    | 	mov    cx, [bp+10]	; pop word(b)
   413 |          |                           | 	
   414 |          |                           | 	; LXRSH@
   415 | 00000345 | 80F910                    | 	cmp    cl,10h
   416 | 00000348 | 7312                      | 	jnb    LSR_13
   417 | 0000034A | 89D3                      | 	mov    bx,dx
   418 | 0000034C | D3E8                      | 	shr    ax,cl
   419 | 0000034E | D3FA                      | 	sar    dx,cl
   420 | 00000350 | F6D9                      | 	neg    cl
   421 | 00000352 | 80C110                    | 	add    cl,10h
   422 | 00000355 | D3E3                      | 	shl    bx,cl
   423 | 00000357 | 09D8                      | 	or     ax,bx
   424 | 00000359 | 59                        | 	pop    cx
   425 | 0000035A | 5D                        | 	pop    bp
   426 | 0000035B | CB                        | 	retf
   427 |          |                           | LSR_13:
   428 | 0000035C | 80E910                    | 	sub    cl,10h
   429 | 0000035F | 92                        | 	xchg   dx,ax
   430 | 00000360 | 99                        | 	cwd
   431 | 00000361 | D3F8                      | 	sar    ax,cl
   432 | 00000363 | 59                        | 	pop    cx
   433 | 00000364 | 5D                        | 	pop    bp
   434 | 00000365 | CB                        | 	retf
   435 |          |                           | SR_ulshr:	; N_LXURSH@
   436 |          |                           | 	; r = a >> b
   437 | 00000366 | 5B                        | 	pop    bx
   438 | 00000367 | 0E                        | 	push   cs
   439 | 00000368 | 53                        | 	push   bx
   440 |          |                           | 
   441 | 00000369 | 55                        | 	push   bp
   442 | 0000036A | 89E5                      | 	mov    bp,sp
   443 |          |                           | 
   444 | 0000036C | 51                        | 	push   cx	; C86 doesn't expect use of cx or bx
   445 |          |                           | 
   446 | 0000036D | 8B4606                    |         mov    ax, [bp+6]	; pop loword(a)
   447 | 00000370 | 8B5608                    | 	mov    dx, [bp+8]	; pop hiword(a)
   448 | 00000373 | 8B4E0A                    | 	mov    cx, [bp+10]	; pop word(b)
   449 |          |                           | 	
   450 |          |                           | 	; LXURSH@
   451 | 00000376 | 80F910                    | 	cmp    cl,10h
   452 | 00000379 | 7312                      | 	jnb    LSR_14
   453 | 0000037B | 89D3                      | 	mov    bx,dx
   454 | 0000037D | D3E8                      | 	shr    ax,cl
   455 | 0000037F | D3EA                      | 	shr    dx,cl
   456 | 00000381 | F6D9                      | 	neg    cl
   457 | 00000383 | 80C110                    | 	add    cl,10h
   458 | 00000386 | D3E3                      | 	shl    bx,cl
   459 | 00000388 | 09D8                      | 	or     ax,bx
   460 | 0000038A | 59                        | 	pop    cx
   461 | 0000038B | 5D                        | 	pop    bp
   462 | 0000038C | CB                        | 	retf
   463 |          |                           | LSR_14:
   464 | 0000038D | 80E910                    | 	sub    cl,10h
   465 | 00000390 | 92                        | 	xchg   dx,ax
   466 | 00000391 | 31D2                      | 	xor    dx,dx
   467 | 00000393 | D3E8                      | 	shr    ax,cl
   468 | 00000395 | 59                        | 	pop    cx
   469 | 00000396 | 5D                        | 	pop    bp
   470 | 00000397 | CB                        | 	retf
   471 |          |                           | SR_lmul:	; N_LXMUL@
   472 |          |                           | SR_ulmul:
   473 |          |                           | 	; r = a * b
   474 | 00000398 | 55                        | 	push   bp
   475 | 00000399 | 56                        | 	push   si
   476 | 0000039A | 89E5                      | 	mov    bp,sp
   477 |          |                           | 
   478 | 0000039C | 51                        | 	push   cx	; C86 doesn't expect use of cx or bx
   479 | 0000039D | 53                        | 	push   bx
   480 |          |                           | 
   481 | 0000039E | 8B5E06                    |         mov    bx, [bp+6]	; pop loword(a)
   482 | 000003A1 | 8B4E08                    | 	mov    cx, [bp+8]	; pop hiword(a)
   483 | 000003A4 | 8B460A                    | 	mov    ax, [bp+10]	; pop loword(b)
   484 | 000003A7 | 8B560C                    | 	mov    dx, [bp+12]	; pop hiword(b)
   485 |          |                           | 	
   486 | 000003AA | 96                        | 	xchg   si,ax
   487 | 000003AB | 92                        | 	xchg   dx,ax
   488 | 000003AC | 85C0                      | 	test   ax,ax
   489 | 000003AE | 7402                      | 	je     LSR_15
   490 | 000003B0 | F7E3                      | 	mul    bx
   491 |          |                           | LSR_15:
   492 | 000003B2 | E305                      | 	jcxz   LSR_16
   493 | 000003B4 | 91                        | 	xchg   cx,ax
   494 | 000003B5 | F7E6                      | 	mul    si
   495 | 000003B7 | 01C8                      | 	add    ax,cx
   496 |          |                           | LSR_16:
   497 | 000003B9 | 96                        | 	xchg   si,ax
   498 | 000003BA | F7E3                      | 	mul    bx
   499 | 000003BC | 01F2                      | 	add    dx,si
   500 | 000003BE | 5B                        | 	pop    bx
   501 | 000003BF | 59                        | 	pop    cx
   502 | 000003C0 | 5E                        | 	pop    si
   503 | 000003C1 | 5D                        | 	pop    bp
   504 | 000003C2 | C3                        | 	ret
   505 |          |                           | 
   506 |          |                           | ; Generated by c86 (BYU-NASM) 5.1 (beta) from clib.c
   507 |          |                           | 	CPU	8086
   508 | 000003C3 | 90                        | 	ALIGN	2
   509 | 000003C4 | E99505                    | 	jmp	main	; Jump to program start
   510 |          |                           | new_line:
   511 | 000003C7 | 0D0A24                    | 	db	13,10,36
   512 |          |                           | 	ALIGN	2
   513 |          |                           | signalEOI:
   514 | 000003CA | EB08                      | 	jmp	L_clib_1
   515 |          |                           | L_clib_2:
   516 | 000003CC | B020                      | 	mov	al, 0x20
   517 | 000003CE | E620                      | 	out	0x20, al
   518 | 000003D0 | 89EC                      | 	mov	sp, bp
   519 | 000003D2 | 5D                        | 	pop	bp
   520 | 000003D3 | C3                        | 	ret
   521 |          |                           | L_clib_1:
   522 | 000003D4 | 55                        | 	push	bp
   523 | 000003D5 | 89E5                      | 	mov	bp, sp
   524 | 000003D7 | EBF3                      | 	jmp	L_clib_2
   525 | 000003D9 | 90                        | 	ALIGN	2
   526 |          |                           | exit:
   527 | 000003DA | EB0B                      | 	jmp	L_clib_4
   528 |          |                           | L_clib_5:
   529 | 000003DC | B44C                      | 	mov	ah, 4Ch
   530 | 000003DE | 8A4604                    | 	mov	al, [bp+4]
   531 | 000003E1 | CD21                      | 	int	21h
   532 | 000003E3 | 89EC                      | 	mov	sp, bp
   533 | 000003E5 | 5D                        | 	pop	bp
   534 | 000003E6 | C3                        | 	ret
   535 |          |                           | L_clib_4:
   536 | 000003E7 | 55                        | 	push	bp
   537 | 000003E8 | 89E5                      | 	mov	bp, sp
   538 | 000003EA | EBF0                      | 	jmp	L_clib_5
   539 |          |                           | 	ALIGN	2
   540 |          |                           | print:
   541 | 000003EC | EB11                      | 	jmp	L_clib_7
   542 |          |                           | L_clib_8:
   543 | 000003EE | B440                      | 	mov	ah, 40h
   544 | 000003F0 | BB0100                    | 	mov	bx, 1
   545 | 000003F3 | 8B4E06                    | 	mov	cx, [bp+6]
   546 | 000003F6 | 8B5604                    | 	mov	dx, [bp+4]
   547 | 000003F9 | CD21                      | 	int	21h
   548 | 000003FB | 89EC                      | 	mov	sp, bp
   549 | 000003FD | 5D                        | 	pop	bp
   550 | 000003FE | C3                        | 	ret
   551 |          |                           | L_clib_7:
   552 | 000003FF | 55                        | 	push	bp
   553 | 00000400 | 89E5                      | 	mov	bp, sp
   554 | 00000402 | EBEA                      | 	jmp	L_clib_8
   555 |          |                           | 	ALIGN	2
   556 |          |                           | printChar:
   557 | 00000404 | EB0B                      | 	jmp	L_clib_10
   558 |          |                           | L_clib_11:
   559 | 00000406 | B402                      | 	mov	ah, 2
   560 | 00000408 | 8A5604                    | 	mov	dl, [bp+4]
   561 | 0000040B | CD21                      | 	int	21h
   562 | 0000040D | 89EC                      | 	mov	sp, bp
   563 | 0000040F | 5D                        | 	pop	bp
   564 | 00000410 | C3                        | 	ret
   565 |          |                           | L_clib_10:
   566 | 00000411 | 55                        | 	push	bp
   567 | 00000412 | 89E5                      | 	mov	bp, sp
   568 | 00000414 | EBF0                      | 	jmp	L_clib_11
   569 |          |                           | 	ALIGN	2
   570 |          |                           | printNewLine:
   571 | 00000416 | EB0B                      | 	jmp	L_clib_13
   572 |          |                           | L_clib_14:
   573 | 00000418 | B409                      | 	mov	ah, 9
   574 | 0000041A | BA[C703]                  | 	mov	dx, new_line
   575 | 0000041D | CD21                      | 	int	21h
   576 | 0000041F | 89EC                      | 	mov	sp, bp
   577 | 00000421 | 5D                        | 	pop	bp
   578 | 00000422 | C3                        | 	ret
   579 |          |                           | L_clib_13:
   580 | 00000423 | 55                        | 	push	bp
   581 | 00000424 | 89E5                      | 	mov	bp, sp
   582 | 00000426 | EBF0                      | 	jmp	L_clib_14
   583 |          |                           | 	ALIGN	2
   584 |          |                           | printString:
   585 | 00000428 | EB1C                      | 	jmp	L_clib_16
   586 |          |                           | L_clib_17:
   587 | 0000042A | 31F6                      | 	xor	si,si
   588 | 0000042C | 8B5E04                    | 	mov	bx, [bp+4]
   589 | 0000042F | EB01                      | 	jmp	printString2
   590 |          |                           | 	printString1:
   591 | 00000431 | 46                        | 	inc	si
   592 |          |                           | 	printString2:
   593 | 00000432 | 803800                    | 	cmp	byte [bx+si],0
   594 | 00000435 | 75FA                      | 	jne	printString1
   595 | 00000437 | 89DA                      | 	mov	dx, bx
   596 | 00000439 | 89F1                      | 	mov	cx, si
   597 | 0000043B | B440                      | 	mov	ah, 40h
   598 | 0000043D | BB0100                    | 	mov	bx, 1
   599 | 00000440 | CD21                      | 	int	21h
   600 | 00000442 | 89EC                      | 	mov	sp, bp
   601 | 00000444 | 5D                        | 	pop	bp
   602 | 00000445 | C3                        | 	ret
   603 |          |                           | L_clib_16:
   604 | 00000446 | 55                        | 	push	bp
   605 | 00000447 | 89E5                      | 	mov	bp, sp
   606 | 00000449 | 51                        | 	push	cx
   607 | 0000044A | EBDE                      | 	jmp	L_clib_17
   608 |          |                           | 	ALIGN	2
   609 |          |                           | printInt:
   610 | 0000044C | E99500                    | 	jmp	L_clib_19
   611 |          |                           | L_clib_20:
   612 | 0000044F | C746FE0000                | 	mov	word [bp-2], 0
   613 | 00000454 | C746FC1027                | 	mov	word [bp-4], 10000
   614 | 00000459 | 837E0400                  | 	cmp	word [bp+4], 0
   615 | 0000045D | 7D0F                      | 	jge	L_clib_21
   616 | 0000045F | C646F62D                  | 	mov	byte [bp-10], 45
   617 | 00000463 | FF46FE                    | 	inc	word [bp-2]
   618 | 00000466 | 8B4604                    | 	mov	ax, word [bp+4]
   619 | 00000469 | F7D8                      | 	neg	ax
   620 | 0000046B | 894604                    | 	mov	word [bp+4], ax
   621 |          |                           | L_clib_21:
   622 | 0000046E | 8B4604                    | 	mov	ax, word [bp+4]
   623 | 00000471 | 85C0                      | 	test	ax, ax
   624 | 00000473 | 7507                      | 	jne	L_clib_22
   625 | 00000475 | C746FC0100                | 	mov	word [bp-4], 1
   626 | 0000047A | EB19                      | 	jmp	L_clib_23
   627 |          |                           | L_clib_22:
   628 | 0000047C | EB0C                      | 	jmp	L_clib_25
   629 |          |                           | L_clib_24:
   630 | 0000047E | 8B46FC                    | 	mov	ax, word [bp-4]
   631 | 00000481 | 99                        | 	cwd
   632 | 00000482 | B90A00                    | 	mov	cx, 10
   633 | 00000485 | F7F9                      | 	idiv	cx
   634 | 00000487 | 8946FC                    | 	mov	word [bp-4], ax
   635 |          |                           | L_clib_25:
   636 | 0000048A | 8B4604                    | 	mov	ax, word [bp+4]
   637 | 0000048D | 99                        | 	cwd
   638 | 0000048E | F77EFC                    | 	idiv	word [bp-4]
   639 | 00000491 | 85C0                      | 	test	ax, ax
   640 | 00000493 | 74E9                      | 	je	L_clib_24
   641 |          |                           | L_clib_26:
   642 |          |                           | L_clib_23:
   643 | 00000495 | EB36                      | 	jmp	L_clib_28
   644 |          |                           | L_clib_27:
   645 | 00000497 | 8B4604                    | 	mov	ax, word [bp+4]
   646 | 0000049A | 31D2                      | 	xor	dx, dx
   647 | 0000049C | F776FC                    | 	div	word [bp-4]
   648 | 0000049F | 0430                      | 	add	al, 48
   649 | 000004A1 | 8B76FE                    | 	mov	si, word [bp-2]
   650 | 000004A4 | 8D56F6                    | 	lea	dx, [bp-10]
   651 | 000004A7 | 01D6                      | 	add	si, dx
   652 | 000004A9 | 8804                      | 	mov	byte [si], al
   653 | 000004AB | FF46FE                    | 	inc	word [bp-2]
   654 | 000004AE | 8B4604                    | 	mov	ax, word [bp+4]
   655 | 000004B1 | 31D2                      | 	xor	dx, dx
   656 | 000004B3 | F776FC                    | 	div	word [bp-4]
   657 | 000004B6 | 89D0                      | 	mov	ax, dx
   658 | 000004B8 | 894604                    | 	mov	word [bp+4], ax
   659 | 000004BB | 8B46FC                    | 	mov	ax, word [bp-4]
   660 | 000004BE | 99                        | 	cwd
   661 | 000004BF | B90A00                    | 	mov	cx, 10
   662 | 000004C2 | F7F9                      | 	idiv	cx
   663 | 000004C4 | 8946FC                    | 	mov	word [bp-4], ax
   664 | 000004C7 | 8B46FC                    | 	mov	ax, word [bp-4]
   665 | 000004CA | 8946FC                    | 	mov	word [bp-4], ax
   666 |          |                           | L_clib_28:
   667 | 000004CD | 837EFC00                  | 	cmp	word [bp-4], 0
   668 | 000004D1 | 7FC4                      | 	jg	L_clib_27
   669 |          |                           | L_clib_29:
   670 | 000004D3 | FF76FE                    | 	push	word [bp-2]
   671 | 000004D6 | 8D46F6                    | 	lea	ax, [bp-10]
   672 | 000004D9 | 50                        | 	push	ax
   673 | 000004DA | E80FFF                    | 	call	print
   674 | 000004DD | 83C404                    | 	add	sp, 4
   675 | 000004E0 | 89EC                      | 	mov	sp, bp
   676 | 000004E2 | 5D                        | 	pop	bp
   677 | 000004E3 | C3                        | 	ret
   678 |          |                           | L_clib_19:
   679 | 000004E4 | 55                        | 	push	bp
   680 | 000004E5 | 89E5                      | 	mov	bp, sp
   681 | 000004E7 | 83EC0A                    | 	sub	sp, 10
   682 | 000004EA | E962FF                    | 	jmp	L_clib_20
   683 | 000004ED | 90                        | 	ALIGN	2
   684 |          |                           | printLong:
   685 | 000004EE | E9D200                    | 	jmp	L_clib_31
   686 |          |                           | L_clib_32:
   687 | 000004F1 | C746FE0000                | 	mov	word [bp-2], 0
   688 | 000004F6 | C746FA00CA                | 	mov	word [bp-6], 51712
   689 | 000004FB | C746FC9A3B                | 	mov	word [bp-4], 15258
   690 | 00000500 | 837E0600                  | 	cmp	word [bp+6], 0
   691 | 00000504 | 7F22                      | 	jg	L_clib_33
   692 | 00000506 | 7C06                      | 	jl	L_clib_34
   693 | 00000508 | 837E0400                  | 	cmp	word [bp+4], 0
   694 | 0000050C | 731A                      | 	jae	L_clib_33
   695 |          |                           | L_clib_34:
   696 | 0000050E | C646EF2D                  | 	mov	byte [bp-17], 45
   697 | 00000512 | FF46FE                    | 	inc	word [bp-2]
   698 | 00000515 | 8B4604                    | 	mov	ax, word [bp+4]
   699 | 00000518 | 8B5606                    | 	mov	dx, word [bp+6]
   700 | 0000051B | F7D8                      | 	neg	ax
   701 | 0000051D | 83D200                    | 	adc	dx, 0
   702 | 00000520 | F7DA                      | 	neg	dx
   703 | 00000522 | 894604                    | 	mov	word [bp+4], ax
   704 | 00000525 | 895606                    | 	mov	word [bp+6], dx
   705 |          |                           | L_clib_33:
   706 | 00000528 | 8B4604                    | 	mov	ax, word [bp+4]
   707 | 0000052B | 8B5606                    | 	mov	dx, word [bp+6]
   708 | 0000052E | 09C2                      | 	or	dx, ax
   709 | 00000530 | 750C                      | 	jne	L_clib_35
   710 | 00000532 | C746FA0100                | 	mov	word [bp-6], 1
   711 | 00000537 | C746FC0000                | 	mov	word [bp-4], 0
   712 | 0000053C | EB23                      | 	jmp	L_clib_36
   713 |          |                           | L_clib_35:
   714 | 0000053E | EB0E                      | 	jmp	L_clib_38
   715 |          |                           | L_clib_37:
   716 | 00000540 | B80A00                    | 	mov	ax, 10
   717 | 00000543 | 31D2                      | 	xor	dx, dx
   718 | 00000545 | 52                        | 	push	dx
   719 | 00000546 | 50                        | 	push	ax
   720 | 00000547 | 8D46FA                    | 	lea	ax, [bp-6]
   721 | 0000054A | 50                        | 	push	ax
   722 | 0000054B | E8B5FB                    | 	call	SR_asldiv
   723 |          |                           | L_clib_38:
   724 | 0000054E | FF76FC                    | 	push	word [bp-4]
   725 | 00000551 | FF76FA                    | 	push	word [bp-6]
   726 | 00000554 | FF7606                    | 	push	word [bp+6]
   727 | 00000557 | FF7604                    | 	push	word [bp+4]
   728 | 0000055A | E8F8FC                    | 	call	SR_ldiv
   729 | 0000055D | 09C2                      | 	or	dx, ax
   730 | 0000055F | 74DF                      | 	je	L_clib_37
   731 |          |                           | L_clib_39:
   732 |          |                           | L_clib_36:
   733 | 00000561 | EB41                      | 	jmp	L_clib_41
   734 |          |                           | L_clib_40:
   735 | 00000563 | FF76FC                    | 	push	word [bp-4]
   736 | 00000566 | FF76FA                    | 	push	word [bp-6]
   737 | 00000569 | FF7606                    | 	push	word [bp+6]
   738 | 0000056C | FF7604                    | 	push	word [bp+4]
   739 | 0000056F | E8EAFC                    | 	call	SR_uldiv
   740 | 00000572 | 0430                      | 	add	al, 48
   741 | 00000574 | 8B76FE                    | 	mov	si, word [bp-2]
   742 | 00000577 | 8D56EF                    | 	lea	dx, [bp-17]
   743 | 0000057A | 01D6                      | 	add	si, dx
   744 | 0000057C | 8804                      | 	mov	byte [si], al
   745 | 0000057E | FF46FE                    | 	inc	word [bp-2]
   746 | 00000581 | FF76FC                    | 	push	word [bp-4]
   747 | 00000584 | FF76FA                    | 	push	word [bp-6]
   748 | 00000587 | FF7606                    | 	push	word [bp+6]
   749 | 0000058A | FF7604                    | 	push	word [bp+4]
   750 | 0000058D | E8D4FC                    | 	call	SR_lmod
   751 | 00000590 | 894604                    | 	mov	word [bp+4], ax
   752 | 00000593 | 895606                    | 	mov	word [bp+6], dx
   753 | 00000596 | B80A00                    | 	mov	ax, 10
   754 | 00000599 | 31D2                      | 	xor	dx, dx
   755 | 0000059B | 52                        | 	push	dx
   756 | 0000059C | 50                        | 	push	ax
   757 | 0000059D | 8D46FA                    | 	lea	ax, [bp-6]
   758 | 000005A0 | 50                        | 	push	ax
   759 | 000005A1 | E85FFB                    | 	call	SR_asldiv
   760 |          |                           | L_clib_41:
   761 | 000005A4 | 837EFC00                  | 	cmp	word [bp-4], 0
   762 | 000005A8 | 7FB9                      | 	jg	L_clib_40
   763 | 000005AA | 7506                      | 	jne	L_clib_43
   764 | 000005AC | 837EFA00                  | 	cmp	word [bp-6], 0
   765 | 000005B0 | 77B1                      | 	ja	L_clib_40
   766 |          |                           | L_clib_43:
   767 |          |                           | L_clib_42:
   768 | 000005B2 | FF76FE                    | 	push	word [bp-2]
   769 | 000005B5 | 8D46EF                    | 	lea	ax, [bp-17]
   770 | 000005B8 | 50                        | 	push	ax
   771 | 000005B9 | E830FE                    | 	call	print
   772 | 000005BC | 83C404                    | 	add	sp, 4
   773 | 000005BF | 89EC                      | 	mov	sp, bp
   774 | 000005C1 | 5D                        | 	pop	bp
   775 | 000005C2 | C3                        | 	ret
   776 |          |                           | L_clib_31:
   777 | 000005C3 | 55                        | 	push	bp
   778 | 000005C4 | 89E5                      | 	mov	bp, sp
   779 | 000005C6 | 83EC12                    | 	sub	sp, 18
   780 | 000005C9 | E925FF                    | 	jmp	L_clib_32
   781 |          |                           | 	ALIGN	2
   782 |          |                           | printUInt:
   783 | 000005CC | EB7C                      | 	jmp	L_clib_45
   784 |          |                           | L_clib_46:
   785 | 000005CE | C746FE0000                | 	mov	word [bp-2], 0
   786 | 000005D3 | C746FC1027                | 	mov	word [bp-4], 10000
   787 | 000005D8 | 8B4604                    | 	mov	ax, word [bp+4]
   788 | 000005DB | 85C0                      | 	test	ax, ax
   789 | 000005DD | 7507                      | 	jne	L_clib_47
   790 | 000005DF | C746FC0100                | 	mov	word [bp-4], 1
   791 | 000005E4 | EB1B                      | 	jmp	L_clib_48
   792 |          |                           | L_clib_47:
   793 | 000005E6 | EB0D                      | 	jmp	L_clib_50
   794 |          |                           | L_clib_49:
   795 | 000005E8 | 8B46FC                    | 	mov	ax, word [bp-4]
   796 | 000005EB | 31D2                      | 	xor	dx, dx
   797 | 000005ED | B90A00                    | 	mov	cx, 10
   798 | 000005F0 | F7F1                      | 	div	cx
   799 | 000005F2 | 8946FC                    | 	mov	word [bp-4], ax
   800 |          |                           | L_clib_50:
   801 | 000005F5 | 8B4604                    | 	mov	ax, word [bp+4]
   802 | 000005F8 | 31D2                      | 	xor	dx, dx
   803 | 000005FA | F776FC                    | 	div	word [bp-4]
   804 | 000005FD | 85C0                      | 	test	ax, ax
   805 | 000005FF | 74E7                      | 	je	L_clib_49
   806 |          |                           | L_clib_51:
   807 |          |                           | L_clib_48:
   808 | 00000601 | EB2F                      | 	jmp	L_clib_53
   809 |          |                           | L_clib_52:
   810 | 00000603 | 8B4604                    | 	mov	ax, word [bp+4]
   811 | 00000606 | 31D2                      | 	xor	dx, dx
   812 | 00000608 | F776FC                    | 	div	word [bp-4]
   813 | 0000060B | 0430                      | 	add	al, 48
   814 | 0000060D | 8B76FE                    | 	mov	si, word [bp-2]
   815 | 00000610 | 8D56F6                    | 	lea	dx, [bp-10]
   816 | 00000613 | 01D6                      | 	add	si, dx
   817 | 00000615 | 8804                      | 	mov	byte [si], al
   818 | 00000617 | FF46FE                    | 	inc	word [bp-2]
   819 | 0000061A | 8B4604                    | 	mov	ax, word [bp+4]
   820 | 0000061D | 31D2                      | 	xor	dx, dx
   821 | 0000061F | F776FC                    | 	div	word [bp-4]
   822 | 00000622 | 895604                    | 	mov	word [bp+4], dx
   823 | 00000625 | 8B46FC                    | 	mov	ax, word [bp-4]
   824 | 00000628 | 31D2                      | 	xor	dx, dx
   825 | 0000062A | B90A00                    | 	mov	cx, 10
   826 | 0000062D | F7F1                      | 	div	cx
   827 | 0000062F | 8946FC                    | 	mov	word [bp-4], ax
   828 |          |                           | L_clib_53:
   829 | 00000632 | 8B46FC                    | 	mov	ax, word [bp-4]
   830 | 00000635 | 85C0                      | 	test	ax, ax
   831 | 00000637 | 75CA                      | 	jne	L_clib_52
   832 |          |                           | L_clib_54:
   833 | 00000639 | FF76FE                    | 	push	word [bp-2]
   834 | 0000063C | 8D46F6                    | 	lea	ax, [bp-10]
   835 | 0000063F | 50                        | 	push	ax
   836 | 00000640 | E8A9FD                    | 	call	print
   837 | 00000643 | 83C404                    | 	add	sp, 4
   838 | 00000646 | 89EC                      | 	mov	sp, bp
   839 | 00000648 | 5D                        | 	pop	bp
   840 | 00000649 | C3                        | 	ret
   841 |          |                           | L_clib_45:
   842 | 0000064A | 55                        | 	push	bp
   843 | 0000064B | 89E5                      | 	mov	bp, sp
   844 | 0000064D | 83EC0A                    | 	sub	sp, 10
   845 | 00000650 | E97BFF                    | 	jmp	L_clib_46
   846 | 00000653 | 90                        | 	ALIGN	2
   847 |          |                           | printULong:
   848 | 00000654 | E99E00                    | 	jmp	L_clib_56
   849 |          |                           | L_clib_57:
   850 | 00000657 | C746FE0000                | 	mov	word [bp-2], 0
   851 | 0000065C | C746FA00CA                | 	mov	word [bp-6], 51712
   852 | 00000661 | C746FC9A3B                | 	mov	word [bp-4], 15258
   853 | 00000666 | 8B4604                    | 	mov	ax, word [bp+4]
   854 | 00000669 | 8B5606                    | 	mov	dx, word [bp+6]
   855 | 0000066C | 09C2                      | 	or	dx, ax
   856 | 0000066E | 750C                      | 	jne	L_clib_58
   857 | 00000670 | C746FA0100                | 	mov	word [bp-6], 1
   858 | 00000675 | C746FC0000                | 	mov	word [bp-4], 0
   859 | 0000067A | EB23                      | 	jmp	L_clib_59
   860 |          |                           | L_clib_58:
   861 | 0000067C | EB0E                      | 	jmp	L_clib_61
   862 |          |                           | L_clib_60:
   863 | 0000067E | B80A00                    | 	mov	ax, 10
   864 | 00000681 | 31D2                      | 	xor	dx, dx
   865 | 00000683 | 52                        | 	push	dx
   866 | 00000684 | 50                        | 	push	ax
   867 | 00000685 | 8D46FA                    | 	lea	ax, [bp-6]
   868 | 00000688 | 50                        | 	push	ax
   869 | 00000689 | E820FB                    | 	call	SR_asuldiv
   870 |          |                           | L_clib_61:
   871 | 0000068C | FF76FC                    | 	push	word [bp-4]
   872 | 0000068F | FF76FA                    | 	push	word [bp-6]
   873 | 00000692 | FF7606                    | 	push	word [bp+6]
   874 | 00000695 | FF7604                    | 	push	word [bp+4]
   875 | 00000698 | E8C1FB                    | 	call	SR_uldiv
   876 | 0000069B | 09C2                      | 	or	dx, ax
   877 | 0000069D | 74DF                      | 	je	L_clib_60
   878 |          |                           | L_clib_62:
   879 |          |                           | L_clib_59:
   880 | 0000069F | EB39                      | 	jmp	L_clib_64
   881 |          |                           | L_clib_63:
   882 | 000006A1 | FF76FC                    | 	push	word [bp-4]
   883 | 000006A4 | FF76FA                    | 	push	word [bp-6]
   884 | 000006A7 | FF7606                    | 	push	word [bp+6]
   885 | 000006AA | FF7604                    | 	push	word [bp+4]
   886 | 000006AD | E8ACFB                    | 	call	SR_uldiv
   887 | 000006B0 | 0430                      | 	add	al, 48
   888 | 000006B2 | 8B76FE                    | 	mov	si, word [bp-2]
   889 | 000006B5 | 8D56EF                    | 	lea	dx, [bp-17]
   890 | 000006B8 | 01D6                      | 	add	si, dx
   891 | 000006BA | 8804                      | 	mov	byte [si], al
   892 | 000006BC | FF46FE                    | 	inc	word [bp-2]
   893 | 000006BF | FF76FC                    | 	push	word [bp-4]
   894 | 000006C2 | FF76FA                    | 	push	word [bp-6]
   895 | 000006C5 | 8D4604                    | 	lea	ax, [bp+4]
   896 | 000006C8 | 50                        | 	push	ax
   897 | 000006C9 | E800FB                    | 	call	SR_asilmod
   898 | 000006CC | B80A00                    | 	mov	ax, 10
   899 | 000006CF | 31D2                      | 	xor	dx, dx
   900 | 000006D1 | 52                        | 	push	dx
   901 | 000006D2 | 50                        | 	push	ax
   902 | 000006D3 | 8D46FA                    | 	lea	ax, [bp-6]
   903 | 000006D6 | 50                        | 	push	ax
   904 | 000006D7 | E8D2FA                    | 	call	SR_asuldiv
   905 |          |                           | L_clib_64:
   906 | 000006DA | 8B46FA                    | 	mov	ax, word [bp-6]
   907 | 000006DD | 8B56FC                    | 	mov	dx, word [bp-4]
   908 | 000006E0 | 09C2                      | 	or	dx, ax
   909 | 000006E2 | 75BD                      | 	jne	L_clib_63
   910 |          |                           | L_clib_65:
   911 | 000006E4 | FF76FE                    | 	push	word [bp-2]
   912 | 000006E7 | 8D46EF                    | 	lea	ax, [bp-17]
   913 | 000006EA | 50                        | 	push	ax
   914 | 000006EB | E8FEFC                    | 	call	print
   915 | 000006EE | 83C404                    | 	add	sp, 4
   916 | 000006F1 | 89EC                      | 	mov	sp, bp
   917 | 000006F3 | 5D                        | 	pop	bp
   918 | 000006F4 | C3                        | 	ret
   919 |          |                           | L_clib_56:
   920 | 000006F5 | 55                        | 	push	bp
   921 | 000006F6 | 89E5                      | 	mov	bp, sp
   922 | 000006F8 | 83EC12                    | 	sub	sp, 18
   923 | 000006FB | E959FF                    | 	jmp	L_clib_57
   924 |          |                           | 	ALIGN	2
   925 |          |                           | printByte:
   926 | 000006FE | EB61                      | 	jmp	L_clib_67
   927 |          |                           | L_clib_68:
   928 | 00000700 | 8A4604                    | 	mov	al, byte [bp+4]
   929 | 00000703 | 98                        | 	cbw
   930 | 00000704 | B90400                    | 	mov	cx, 4
   931 | 00000707 | D3F8                      | 	sar	ax, cl
   932 | 00000709 | 83E00F                    | 	and	ax, 15
   933 | 0000070C | 8846FF                    | 	mov	byte [bp-1], al
   934 | 0000070F | 807EFF09                  | 	cmp	byte [bp-1], 9
   935 | 00000713 | 7E0C                      | 	jle	L_clib_69
   936 | 00000715 | 8A46FF                    | 	mov	al, byte [bp-1]
   937 | 00000718 | 98                        | 	cbw
   938 | 00000719 | 83E80A                    | 	sub	ax, 10
   939 | 0000071C | 83C041                    | 	add	ax, 65
   940 | 0000071F | EB07                      | 	jmp	L_clib_70
   941 |          |                           | L_clib_69:
   942 | 00000721 | 8A46FF                    | 	mov	al, byte [bp-1]
   943 | 00000724 | 98                        | 	cbw
   944 | 00000725 | 83C030                    | 	add	ax, 48
   945 |          |                           | L_clib_70:
   946 | 00000728 | 8846FD                    | 	mov	byte [bp-3], al
   947 | 0000072B | 8A4604                    | 	mov	al, byte [bp+4]
   948 | 0000072E | 240F                      | 	and	al, 15
   949 | 00000730 | 8846FF                    | 	mov	byte [bp-1], al
   950 | 00000733 | 807EFF09                  | 	cmp	byte [bp-1], 9
   951 | 00000737 | 7E0C                      | 	jle	L_clib_71
   952 | 00000739 | 8A46FF                    | 	mov	al, byte [bp-1]
   953 | 0000073C | 98                        | 	cbw
   954 | 0000073D | 83E80A                    | 	sub	ax, 10
   955 | 00000740 | 83C041                    | 	add	ax, 65
   956 | 00000743 | EB07                      | 	jmp	L_clib_72
   957 |          |                           | L_clib_71:
   958 | 00000745 | 8A46FF                    | 	mov	al, byte [bp-1]
   959 | 00000748 | 98                        | 	cbw
   960 | 00000749 | 83C030                    | 	add	ax, 48
   961 |          |                           | L_clib_72:
   962 | 0000074C | 8846FE                    | 	mov	byte [bp-2], al
   963 | 0000074F | B80200                    | 	mov	ax, 2
   964 | 00000752 | 50                        | 	push	ax
   965 | 00000753 | 8D46FD                    | 	lea	ax, [bp-3]
   966 | 00000756 | 50                        | 	push	ax
   967 | 00000757 | E892FC                    | 	call	print
   968 | 0000075A | 83C404                    | 	add	sp, 4
   969 | 0000075D | 89EC                      | 	mov	sp, bp
   970 | 0000075F | 5D                        | 	pop	bp
   971 | 00000760 | C3                        | 	ret
   972 |          |                           | L_clib_67:
   973 | 00000761 | 55                        | 	push	bp
   974 | 00000762 | 89E5                      | 	mov	bp, sp
   975 | 00000764 | 83EC04                    | 	sub	sp, 4
   976 | 00000767 | EB97                      | 	jmp	L_clib_68
   977 | 00000769 | 90                        | 	ALIGN	2
   978 |          |                           | printWord:
   979 | 0000076A | EB59                      | 	jmp	L_clib_74
   980 |          |                           | L_clib_75:
   981 | 0000076C | C746FE0300                | 	mov	word [bp-2], 3
   982 | 00000771 | EB3A                      | 	jmp	L_clib_77
   983 |          |                           | L_clib_76:
   984 | 00000773 | 8B4604                    | 	mov	ax, word [bp+4]
   985 | 00000776 | 83E00F                    | 	and	ax, 15
   986 | 00000779 | 8846FD                    | 	mov	byte [bp-3], al
   987 | 0000077C | 807EFD09                  | 	cmp	byte [bp-3], 9
   988 | 00000780 | 7E0C                      | 	jle	L_clib_80
   989 | 00000782 | 8A46FD                    | 	mov	al, byte [bp-3]
   990 | 00000785 | 98                        | 	cbw
   991 | 00000786 | 83E80A                    | 	sub	ax, 10
   992 | 00000789 | 83C041                    | 	add	ax, 65
   993 | 0000078C | EB07                      | 	jmp	L_clib_81
   994 |          |                           | L_clib_80:
   995 | 0000078E | 8A46FD                    | 	mov	al, byte [bp-3]
   996 | 00000791 | 98                        | 	cbw
   997 | 00000792 | 83C030                    | 	add	ax, 48
   998 |          |                           | L_clib_81:
   999 | 00000795 | 8B76FE                    | 	mov	si, word [bp-2]
  1000 | 00000798 | 8D56F9                    | 	lea	dx, [bp-7]
  1001 | 0000079B | 01D6                      | 	add	si, dx
  1002 | 0000079D | 8804                      | 	mov	byte [si], al
  1003 | 0000079F | 8B4604                    | 	mov	ax, word [bp+4]
  1004 | 000007A2 | B90400                    | 	mov	cx, 4
  1005 | 000007A5 | D3F8                      | 	sar	ax, cl
  1006 | 000007A7 | 894604                    | 	mov	word [bp+4], ax
  1007 |          |                           | L_clib_79:
  1008 | 000007AA | FF4EFE                    | 	dec	word [bp-2]
  1009 |          |                           | L_clib_77:
  1010 | 000007AD | 837EFE00                  | 	cmp	word [bp-2], 0
  1011 | 000007B1 | 7DC0                      | 	jge	L_clib_76
  1012 |          |                           | L_clib_78:
  1013 | 000007B3 | B80400                    | 	mov	ax, 4
  1014 | 000007B6 | 50                        | 	push	ax
  1015 | 000007B7 | 8D46F9                    | 	lea	ax, [bp-7]
  1016 | 000007BA | 50                        | 	push	ax
  1017 | 000007BB | E82EFC                    | 	call	print
  1018 | 000007BE | 83C404                    | 	add	sp, 4
  1019 | 000007C1 | 89EC                      | 	mov	sp, bp
  1020 | 000007C3 | 5D                        | 	pop	bp
  1021 | 000007C4 | C3                        | 	ret
  1022 |          |                           | L_clib_74:
  1023 | 000007C5 | 55                        | 	push	bp
  1024 | 000007C6 | 89E5                      | 	mov	bp, sp
  1025 | 000007C8 | 83EC08                    | 	sub	sp, 8
  1026 | 000007CB | EB9F                      | 	jmp	L_clib_75
  1027 | 000007CD | 90                        | 	ALIGN	2
  1028 |          |                           | printDWord:
  1029 | 000007CE | E9AC00                    | 	jmp	L_clib_83
  1030 |          |                           | L_clib_84:
  1031 | 000007D1 | 8D4604                    | 	lea	ax, [bp+4]
  1032 | 000007D4 | 89C6                      | 	mov	si, ax
  1033 | 000007D6 | 8B04                      | 	mov	ax, word [si]
  1034 | 000007D8 | 8946FA                    | 	mov	word [bp-6], ax
  1035 | 000007DB | 8D4604                    | 	lea	ax, [bp+4]
  1036 | 000007DE | 89C6                      | 	mov	si, ax
  1037 | 000007E0 | 83C602                    | 	add	si, 2
  1038 | 000007E3 | 8B04                      | 	mov	ax, word [si]
  1039 | 000007E5 | 8946F8                    | 	mov	word [bp-8], ax
  1040 | 000007E8 | C746FE0300                | 	mov	word [bp-2], 3
  1041 | 000007ED | EB76                      | 	jmp	L_clib_86
  1042 |          |                           | L_clib_85:
  1043 | 000007EF | 8B46FA                    | 	mov	ax, word [bp-6]
  1044 | 000007F2 | 83E00F                    | 	and	ax, 15
  1045 | 000007F5 | 8846FD                    | 	mov	byte [bp-3], al
  1046 | 000007F8 | 807EFD09                  | 	cmp	byte [bp-3], 9
  1047 | 000007FC | 7E0C                      | 	jle	L_clib_89
  1048 | 000007FE | 8A46FD                    | 	mov	al, byte [bp-3]
  1049 | 00000801 | 98                        | 	cbw
  1050 | 00000802 | 83E80A                    | 	sub	ax, 10
  1051 | 00000805 | 83C041                    | 	add	ax, 65
  1052 | 00000808 | EB07                      | 	jmp	L_clib_90
  1053 |          |                           | L_clib_89:
  1054 | 0000080A | 8A46FD                    | 	mov	al, byte [bp-3]
  1055 | 0000080D | 98                        | 	cbw
  1056 | 0000080E | 83C030                    | 	add	ax, 48
  1057 |          |                           | L_clib_90:
  1058 | 00000811 | 8B56FE                    | 	mov	dx, word [bp-2]
  1059 | 00000814 | 83C204                    | 	add	dx, 4
  1060 | 00000817 | 89D6                      | 	mov	si, dx
  1061 | 00000819 | 8D56F0                    | 	lea	dx, [bp-16]
  1062 | 0000081C | 01D6                      | 	add	si, dx
  1063 | 0000081E | 8804                      | 	mov	byte [si], al
  1064 | 00000820 | 8B46FA                    | 	mov	ax, word [bp-6]
  1065 | 00000823 | B90400                    | 	mov	cx, 4
  1066 | 00000826 | D3F8                      | 	sar	ax, cl
  1067 | 00000828 | 8946FA                    | 	mov	word [bp-6], ax
  1068 | 0000082B | 8B46F8                    | 	mov	ax, word [bp-8]
  1069 | 0000082E | 83E00F                    | 	and	ax, 15
  1070 | 00000831 | 8846FD                    | 	mov	byte [bp-3], al
  1071 | 00000834 | 807EFD09                  | 	cmp	byte [bp-3], 9
  1072 | 00000838 | 7E0C                      | 	jle	L_clib_91
  1073 | 0000083A | 8A46FD                    | 	mov	al, byte [bp-3]
  1074 | 0000083D | 98                        | 	cbw
  1075 | 0000083E | 83E80A                    | 	sub	ax, 10
  1076 | 00000841 | 83C041                    | 	add	ax, 65
  1077 | 00000844 | EB07                      | 	jmp	L_clib_92
  1078 |          |                           | L_clib_91:
  1079 | 00000846 | 8A46FD                    | 	mov	al, byte [bp-3]
  1080 | 00000849 | 98                        | 	cbw
  1081 | 0000084A | 83C030                    | 	add	ax, 48
  1082 |          |                           | L_clib_92:
  1083 | 0000084D | 8B76FE                    | 	mov	si, word [bp-2]
  1084 | 00000850 | 8D56F0                    | 	lea	dx, [bp-16]
  1085 | 00000853 | 01D6                      | 	add	si, dx
  1086 | 00000855 | 8804                      | 	mov	byte [si], al
  1087 | 00000857 | 8B46F8                    | 	mov	ax, word [bp-8]
  1088 | 0000085A | B90400                    | 	mov	cx, 4
  1089 | 0000085D | D3F8                      | 	sar	ax, cl
  1090 | 0000085F | 8946F8                    | 	mov	word [bp-8], ax
  1091 |          |                           | L_clib_88:
  1092 | 00000862 | FF4EFE                    | 	dec	word [bp-2]
  1093 |          |                           | L_clib_86:
  1094 | 00000865 | 837EFE00                  | 	cmp	word [bp-2], 0
  1095 | 00000869 | 7D84                      | 	jge	L_clib_85
  1096 |          |                           | L_clib_87:
  1097 | 0000086B | B80800                    | 	mov	ax, 8
  1098 | 0000086E | 50                        | 	push	ax
  1099 | 0000086F | 8D46F0                    | 	lea	ax, [bp-16]
  1100 | 00000872 | 50                        | 	push	ax
  1101 | 00000873 | E876FB                    | 	call	print
  1102 | 00000876 | 83C404                    | 	add	sp, 4
  1103 | 00000879 | 89EC                      | 	mov	sp, bp
  1104 | 0000087B | 5D                        | 	pop	bp
  1105 | 0000087C | C3                        | 	ret
  1106 |          |                           | L_clib_83:
  1107 | 0000087D | 55                        | 	push	bp
  1108 | 0000087E | 89E5                      | 	mov	bp, sp
  1109 | 00000880 | 83EC10                    | 	sub	sp, 16
  1110 | 00000883 | E94BFF                    | 	jmp	L_clib_84
  1111 |          |                           | 
  1112 |          |                           | ; Generated by c86 (BYU-NASM) 5.1 (beta) from lab2.i
  1113 |          |                           | 	CPU	8086
  1114 |          |                           | 	ALIGN	2
  1115 | 00000886 | E9D300                    | 	jmp	main	; Jump to program start
  1116 | 00000889 | 90                        | 	ALIGN	2
  1117 |          |                           | L_lab2_1:
  1118 | 0000088A | 0000                      | 	DW	0
  1119 |          |                           | L_lab2_3:
  1120 | 0000088C | 2C206A203D2000            | 	DB	", j = ",0
  1121 |          |                           | L_lab2_2:
  1122 | 00000893 | 696E206128292C2069-       | 	DB	"in a(), i = ",0
  1123 | 0000089C | 203D2000                  | ...
  1124 |          |                           | 	ALIGN	2
  1125 |          |                           | a:
  1126 |          |                           | 	; >>>>> Line:	8
  1127 |          |                           | 	; >>>>> { 
  1128 | 000008A0 | EB3A                      | 	jmp	L_lab2_4
  1129 |          |                           | L_lab2_5:
  1130 |          |                           | 	; >>>>> Line:	12
  1131 |          |                           | 	; >>>>> i++; 
  1132 | 000008A2 | C746FE0000                | 	mov	word [bp-2], 0
  1133 |          |                           | 	; >>>>> Line:	12
  1134 |          |                           | 	; >>>>> i++; 
  1135 | 000008A7 | FF06[8A08]                | 	inc	word [L_lab2_1]
  1136 |          |                           | 	; >>>>> Line:	13
  1137 |          |                           | 	; >>>>> j++; 
  1138 | 000008AB | FF46FE                    | 	inc	word [bp-2]
  1139 |          |                           | 	; >>>>> Line:	14
  1140 |          |                           | 	; >>>>> printString("in a(), i = "); 
  1141 | 000008AE | B8[9308]                  | 	mov	ax, L_lab2_2
  1142 | 000008B1 | 50                        | 	push	ax
  1143 | 000008B2 | E873FB                    | 	call	printString
  1144 | 000008B5 | 83C402                    | 	add	sp, 2
  1145 |          |                           | 	; >>>>> Line:	15
  1146 |          |                           | 	; >>>>> printInt(i); 
  1147 | 000008B8 | FF36[8A08]                | 	push	word [L_lab2_1]
  1148 | 000008BC | E88DFB                    | 	call	printInt
  1149 | 000008BF | 83C402                    | 	add	sp, 2
  1150 |          |                           | 	; >>>>> Line:	16
  1151 |          |                           | 	; >>>>> printString(", j = "); 
  1152 | 000008C2 | B8[8C08]                  | 	mov	ax, L_lab2_3
  1153 | 000008C5 | 50                        | 	push	ax
  1154 | 000008C6 | E85FFB                    | 	call	printString
  1155 | 000008C9 | 83C402                    | 	add	sp, 2
  1156 |          |                           | 	; >>>>> Line:	17
  1157 |          |                           | 	; >>>>> printInt(j); 
  1158 | 000008CC | FF76FE                    | 	push	word [bp-2]
  1159 | 000008CF | E87AFB                    | 	call	printInt
  1160 | 000008D2 | 83C402                    | 	add	sp, 2
  1161 |          |                           | 	; >>>>> Line:	18
  1162 |          |                           | 	; >>>>> printNewLine(); 
  1163 | 000008D5 | E83EFB                    | 	call	printNewLine
  1164 | 000008D8 | 89EC                      | 	mov	sp, bp
  1165 | 000008DA | 5D                        | 	pop	bp
  1166 | 000008DB | C3                        | 	ret
  1167 |          |                           | L_lab2_4:
  1168 | 000008DC | 55                        | 	push	bp
  1169 | 000008DD | 89E5                      | 	mov	bp, sp
  1170 | 000008DF | 51                        | 	push	cx
  1171 | 000008E0 | EBC0                      | 	jmp	L_lab2_5
  1172 |          |                           | L_lab2_7:
  1173 | 000008E2 | 696E206228290A00          | 	DB	"in b()",0xA,0
  1174 |          |                           | 	ALIGN	2
  1175 |          |                           | b:
  1176 |          |                           | 	; >>>>> Line:	22
  1177 |          |                           | 	; >>>>> { 
  1178 | 000008EA | EB11                      | 	jmp	L_lab2_8
  1179 |          |                           | L_lab2_9:
  1180 |          |                           | 	; >>>>> Line:	23
  1181 |          |                           | 	; >>>>> printString("in b()\n"); 
  1182 | 000008EC | B8[E208]                  | 	mov	ax, L_lab2_7
  1183 | 000008EF | 50                        | 	push	ax
  1184 | 000008F0 | E835FB                    | 	call	printString
  1185 | 000008F3 | 83C402                    | 	add	sp, 2
  1186 |          |                           | 	; >>>>> Line:	24
  1187 |          |                           | 	; >>>>> a(); 
  1188 | 000008F6 | E8A7FF                    | 	call	a
  1189 | 000008F9 | 89EC                      | 	mov	sp, bp
  1190 | 000008FB | 5D                        | 	pop	bp
  1191 | 000008FC | C3                        | 	ret
  1192 |          |                           | L_lab2_8:
  1193 | 000008FD | 55                        | 	push	bp
  1194 | 000008FE | 89E5                      | 	mov	bp, sp
  1195 | 00000900 | EBEA                      | 	jmp	L_lab2_9
  1196 |          |                           | 	ALIGN	2
  1197 |          |                           | fibonacci:
  1198 |          |                           | 	; >>>>> Line:	28
  1199 |          |                           | 	; >>>>> { 
  1200 | 00000902 | EB3C                      | 	jmp	L_lab2_11
  1201 |          |                           | L_lab2_12:
  1202 |          |                           | 	; >>>>> Line:	29
  1203 |          |                           | 	; >>>>> if (n == 1) 
  1204 | 00000904 | 837E0401                  | 	cmp	word [bp+4], 1
  1205 | 00000908 | 7507                      | 	jne	L_lab2_13
  1206 |          |                           | 	; >>>>> Line:	30
  1207 |          |                           | 	; >>>>> return 1; 
  1208 | 0000090A | B80100                    | 	mov	ax, 1
  1209 | 0000090D | EB2D                      | 	jmp	L_lab2_14
  1210 | 0000090F | EB2B                      | 	jmp	L_lab2_15
  1211 |          |                           | L_lab2_13:
  1212 |          |                           | 	; >>>>> Line:	31
  1213 |          |                           | 	; >>>>> else if (n == 2) 
  1214 | 00000911 | 837E0402                  | 	cmp	word [bp+4], 2
  1215 | 00000915 | 7507                      | 	jne	L_lab2_16
  1216 |          |                           | 	; >>>>> Line:	32
  1217 |          |                           | 	; >>>>> return 2; 
  1218 | 00000917 | B80200                    | 	mov	ax, 2
  1219 | 0000091A | EB20                      | 	jmp	L_lab2_14
  1220 | 0000091C | EB1E                      | 	jmp	L_lab2_17
  1221 |          |                           | L_lab2_16:
  1222 |          |                           | 	; >>>>> Line:	34
  1223 |          |                           | 	; >>>>> return fibonacci(n-1) + fibonacci(n-2); 
  1224 | 0000091E | 8B4604                    | 	mov	ax, word [bp+4]
  1225 | 00000921 | 48                        | 	dec	ax
  1226 | 00000922 | 50                        | 	push	ax
  1227 | 00000923 | E8DCFF                    | 	call	fibonacci
  1228 | 00000926 | 83C402                    | 	add	sp, 2
  1229 | 00000929 | 50                        | 	push	ax
  1230 | 0000092A | 8B5604                    | 	mov	dx, word [bp+4]
  1231 | 0000092D | 83EA02                    | 	sub	dx, 2
  1232 | 00000930 | 52                        | 	push	dx
  1233 | 00000931 | E8CEFF                    | 	call	fibonacci
  1234 | 00000934 | 89C2                      | 	mov	dx, ax
  1235 | 00000936 | 83C402                    | 	add	sp, 2
  1236 | 00000939 | 58                        | 	pop	ax
  1237 | 0000093A | 01D0                      | 	add	ax, dx
  1238 |          |                           | L_lab2_17:
  1239 |          |                           | L_lab2_15:
  1240 |          |                           | L_lab2_14:
  1241 | 0000093C | 89EC                      | 	mov	sp, bp
  1242 | 0000093E | 5D                        | 	pop	bp
  1243 | 0000093F | C3                        | 	ret
  1244 |          |                           | L_lab2_11:
  1245 | 00000940 | 55                        | 	push	bp
  1246 | 00000941 | 89E5                      | 	mov	bp, sp
  1247 | 00000943 | EBBF                      | 	jmp	L_lab2_12
  1248 |          |                           | L_lab2_20:
  1249 | 00000945 | 2069732000                | 	DB	" is ",0
  1250 |          |                           | L_lab2_19:
  1251 | 0000094A | 4669626F6E6E616369-       | 	DB	"Fibonnaci number ",0
  1252 | 00000953 | 206E756D6265722000        | ...
  1253 |          |                           | 	ALIGN	2
  1254 |          |                           | main:
  1255 |          |                           | 	; >>>>> Line:	38
  1256 |          |                           | 	; >>>>> { 
  1257 | 0000095C | EB4F                      | 	jmp	L_lab2_21
  1258 |          |                           | L_lab2_22:
  1259 |          |                           | 	; >>>>> Line:	39
  1260 |          |                           | 	; >>>>> a(); 
  1261 | 0000095E | E83FFF                    | 	call	a
  1262 |          |                           | 	; >>>>> Line:	40
  1263 |          |                           | 	; >>>>> b(); 
  1264 | 00000961 | E886FF                    | 	call	b
  1265 |          |                           | 	; >>>>> Line:	41
  1266 |          |                           | 	; >>>>> for (k = 1; k <= 10; k++) { 
  1267 | 00000964 | C706[B209]0100            | 	mov	word [k], 1
  1268 | 0000096A | EB36                      | 	jmp	L_lab2_24
  1269 |          |                           | L_lab2_23:
  1270 |          |                           | 	; >>>>> Line:	42
  1271 |          |                           | 	; >>>>> prin 
  1272 | 0000096C | B8[4A09]                  | 	mov	ax, L_lab2_19
  1273 | 0000096F | 50                        | 	push	ax
  1274 | 00000970 | E8B5FA                    | 	call	printString
  1275 | 00000973 | 83C402                    | 	add	sp, 2
  1276 |          |                           | 	; >>>>> Line:	43
  1277 |          |                           | 	; >>>>> printInt(k); 
  1278 | 00000976 | FF36[B209]                | 	push	word [k]
  1279 | 0000097A | E8CFFA                    | 	call	printInt
  1280 | 0000097D | 83C402                    | 	add	sp, 2
  1281 |          |                           | 	; >>>>> Line:	44
  1282 |          |                           | 	; >>>>> printString(" is "); 
  1283 | 00000980 | B8[4509]                  | 	mov	ax, L_lab2_20
  1284 | 00000983 | 50                        | 	push	ax
  1285 | 00000984 | E8A1FA                    | 	call	printString
  1286 | 00000987 | 83C402                    | 	add	sp, 2
  1287 |          |                           | 	; >>>>> Line:	45
  1288 |          |                           | 	; >>>>> printInt(fibonacci(k)); 
  1289 | 0000098A | FF36[B209]                | 	push	word [k]
  1290 | 0000098E | E871FF                    | 	call	fibonacci
  1291 | 00000991 | 83C402                    | 	add	sp, 2
  1292 | 00000994 | 50                        | 	push	ax
  1293 | 00000995 | E8B4FA                    | 	call	printInt
  1294 | 00000998 | 83C402                    | 	add	sp, 2
  1295 |          |                           | 	; >>>>> Line:	46
  1296 |          |                           | 	; >>>>> printNewLine(); 
  1297 | 0000099B | E878FA                    | 	call	printNewLine
  1298 |          |                           | L_lab2_26:
  1299 | 0000099E | FF06[B209]                | 	inc	word [k]
  1300 |          |                           | L_lab2_24:
  1301 | 000009A2 | 833E[B209]0A              | 	cmp	word [k], 10
  1302 | 000009A7 | 7EC3                      | 	jle	L_lab2_23
  1303 |          |                           | L_lab2_25:
  1304 | 000009A9 | 89EC                      | 	mov	sp, bp
  1305 | 000009AB | 5D                        | 	pop	bp
  1306 | 000009AC | C3                        | 	ret
  1307 |          |                           | L_lab2_21:
  1308 | 000009AD | 55                        | 	push	bp
  1309 | 000009AE | 89E5                      | 	mov	bp, sp
  1310 | 000009B0 | EBAC                      | 	jmp	L_lab2_22
  1311 |          |                           | 	ALIGN	2
  1312 |          |                           | k:
  1313 | 000009B2 | 00<rept>                  | 	TIMES	2 db 0
